2025-12-08 09:23:22,939 - REQUEST:
	Endpoint: POST http://localhost:4444/vc/
	Body:
		{
			"intksk": "950025907837"
		}

2025-12-08 09:23:22,941 - RESPONSE:
	Status: 200
	Process time: 3.175s
	Body:
		{
			"krosy_response": "NIO"
		}

2025-12-08 09:26:58,267 - REQUEST:
	Endpoint: POST http://localhost:4444/vc/
	Body:
		{
			"intksk": "950025907837"
		}

2025-12-08 09:26:58,268 - RESPONSE:
	Status: 200
	Process time: 3.167s
	Body:
		{
			"krosy_response": "NIO"
		}

2025-12-08 09:51:20,134 - REQUEST:
	Endpoint: POST http://localhost:4444/vc/xml/
	Body:
		{
			"intksk": "950025907837"
		}

2025-12-08 09:51:20,135 - RESPONSE:
	Status: 200
	Process time: 0.003s
	Body:
		<krosy xmlns:xsi="http://www.w3.org/2001/XMLSchema-instance" xmlns="http://www.kroschu.com/kroscada/namespaces/krosy/visualcontrol/V_0_1" xmlns:xsd="http://www.w3.org/2001/XMLSchema">
		  <header>
		    <requestID>22</requestID>
		    <sourceHost>
		      <hostname>ksmitabpack03</hostname>
		      <ipAddress>172.29.242.29</ipAddress>
		      <macAddress>6d:45:a4:2d:42:bf</macAddress>
		    </sourceHost>
		    <targetHost>
		      <hostname>ksmisun01</hostname>
		      <ipAddress>172.29.246.1</ipAddress>
		    </targetHost>
		  </header>
		  <body>
		    <visualControl>
		      <workingRequest intksk="950025907837" scanned="2025-12-08T09:51:20" device="ksmitabpack03"></workingRequest>
		    </visualControl>
		  </body>
		</krosy>

2025-12-08 10:00:18,927 - REQUEST:
	Endpoint: POST http://localhost:4444/vc/raw/
	Body:
		{
			"intksk": "950025907837"
		}

2025-12-08 10:00:18,928 - RESPONSE:
	Status: 200
	Process time: 3.168s
	Body:
		NIO

2025-12-08 10:00:28,466 - REQUEST:
	Endpoint: POST http://localhost:4444/vc/raw/
	Body:
		{
			"intksk": "950025907837"
		}

2025-12-08 10:00:28,467 - RESPONSE:
	Status: 200
	Process time: 3.185s
	Body:
		NIO

2025-12-08 10:00:44,493 - REQUEST:
	Endpoint: POST http://localhost:4444/vc/raw/
	Body:
		{
			"intksk": "950025907837"
		}

2025-12-08 10:00:44,494 - RESPONSE:
	Status: 200
	Process time: 3.168s
	Body:
		NIO

2025-12-08 10:39:25,382 - REQUEST:
	Endpoint: POST http://localhost:4444/vc/raw/
	Body:
		{
			"intksk": "950025907837"
		}

2025-12-08 10:39:25,383 - RESPONSE:
	Status: 200
	Process time: 3.163s
	Body:
		NIO

2025-12-08 10:39:45,787 - REQUEST:
	Endpoint: POST http://localhost:4444/vc/raw/
	Body:
		{
			"intksk": "950025907837"
		}

2025-12-08 10:39:45,788 - RESPONSE:
	Status: 200
	Process time: 3.153s
	Body:
		NIO

2025-12-08 10:40:15,909 - REQUEST:
	Endpoint: POST http://localhost:4444/vc/raw/
	Body:
		{
			"intksk": "950025907837"
		}

2025-12-08 10:40:15,910 - RESPONSE:
	Status: 200
	Process time: 3.151s
	Body:
		NIO

2025-12-08 10:40:32,138 - REQUEST:
	Endpoint: POST http://localhost:4444/vc/raw/
	Body:
		{
			"intksk": "950025907837"
		}

2025-12-08 10:40:32,139 - RESPONSE:
	Status: 200
	Process time: 3.169s
	Body:
		NIO

