2025-12-08 09:38:27,866 - REQUEST:
	Endpoint: POST http://localhost:4444/vc/
	Body:
		{
			"intksk": "950026186822"
		}

2025-12-08 09:38:27,868 - RESPONSE:
	Status: 200
	Process time: 0.272s
	Body:
		{
			"device_name": "ksmitabpack03",
			"setup": "U25K_PACKINGTABLE_TEST",
			"projekt": "U2BK",
			"modbez": "HLS_LL",
			"band": "0953I3",
			"status": true,
			"ident": "658964C",
			"intksk": "950026186822",
			"sequences": [
				{
					"objGroup": "U25 0725",
					"objPos": "Output3",
					"reference": "2",
					"result": false,
					"compType": "scan",
					"measType": "default",
					"intksk": null,
					"component": {
						"type": "scan",
						"index": "2",
						"ident": null,
						"name": "scan_2",
						"start_pos": "1",
						"regex": "",
						"data": "P8389866"
					}
				}
			]
		}

2025-12-08 09:38:31,099 - REQUEST:
	Endpoint: POST http://localhost:4444/vc/checkpoint/
	Body:
		{
			"intksk": "950026186822"
		}

2025-12-08 09:38:31,100 - RESPONSE:
	Status: 200
	Process time: 3.214s
	Body: None

