2025-12-08 10:57:09,981 - REQUEST:
	Endpoint: POST http://localhost:4444/vc/
	Body:
		{
			"intksk": "950026288022"
		}

2025-12-08 10:57:09,983 - RESPONSE:
	Status: 200
	Process time: 0.182s
	Body:
		{
			"device_name": "ksmitabpack03",
			"setup": "U25K_PACKINGTABLE_TEST",
			"projekt": "U25K",
			"modbez": "HLS_RL",
			"band": "0953I1",
			"status": true,
			"ident": "642834D",
			"intksk": "950026288022",
			"sequences": [
				{
					"objGroup": "U25 0725",
					"objPos": "Output2",
					"reference": "4",
					"result": false,
					"compType": "scan",
					"measType": "default",
					"intksk": null,
					"component": {
						"type": "scan",
						"index": "4",
						"ident": null,
						"name": "scan_4",
						"start_pos": "1",
						"regex": "",
						"data": "P8386017"
					}
				}
			]
		}

2025-12-08 10:57:13,225 - REQUEST:
	Endpoint: POST http://localhost:4444/vc/checkpoint/
	Body:
		{
			"intksk": "950026288022"
		}

2025-12-08 10:57:13,226 - RESPONSE:
	Status: 200
	Process time: 3.22s
	Body: None

