2025-12-08 11:23:42,698 - REQUEST:
	Endpoint: POST http://localhost:4444/vc/
	Body:
		{
			"intksk": "950026238485"
		}

2025-12-08 11:23:42,700 - RESPONSE:
	Status: 200
	Process time: 0.185s
	Body:
		{
			"device_name": "ksmitabpack03",
			"setup": "U25K_PACKINGTABLE_TEST",
			"projekt": "U2BK",
			"modbez": "HLS_LL",
			"band": "0953I3",
			"status": true,
			"ident": "658964C",
			"intksk": "950026238485",
			"sequences": [
				{
					"objGroup": "U25 0725",
					"objPos": "Output3",
					"reference": "2",
					"result": false,
					"compType": "scan",
					"measType": "default",
					"intksk": null,
					"component": {
						"type": "scan",
						"index": "2",
						"ident": null,
						"name": "scan_2",
						"start_pos": "1",
						"regex": "",
						"data": "P8389866"
					}
				}
			]
		}

2025-12-08 11:23:45,938 - REQUEST:
	Endpoint: POST http://localhost:4444/vc/checkpoint/
	Body:
		{
			"intksk": "950026238485"
		}

2025-12-08 11:23:45,940 - RESPONSE:
	Status: 200
	Process time: 3.22s
	Body: None

