2025-12-08 09:19:50,897 - REQUEST:
	Endpoint: POST http://localhost:4444/vc/
	Body:
		{
			"intksk": "950026238461"
		}

2025-12-08 09:19:50,899 - RESPONSE:
	Status: 200
	Process time: 0.182s
	Body:
		{
			"device_name": "ksmitabpack03",
			"setup": "U25K_PACKINGTABLE_TEST",
			"projekt": "U2BK",
			"modbez": "HLS_RL",
			"band": "0953I3",
			"status": true,
			"ident": "658998C",
			"intksk": "950026238461",
			"sequences": [
				{
					"objGroup": "U25 0725",
					"objPos": "Output4",
					"reference": "3",
					"result": false,
					"compType": "scan",
					"measType": "default",
					"intksk": null,
					"component": {
						"type": "scan",
						"index": "3",
						"ident": null,
						"name": "scan_3",
						"start_pos": "1",
						"regex": "",
						"data": "P8389867"
					}
				}
			]
		}

2025-12-08 09:19:54,124 - REQUEST:
	Endpoint: POST http://localhost:4444/vc/checkpoint/
	Body:
		{
			"intksk": "950026238461"
		}

2025-12-08 09:19:54,126 - RESPONSE:
	Status: 200
	Process time: 3.206s
	Body: None

