2025-12-08 08:56:20,209 - REQUEST:
	Endpoint: POST http://localhost:4444/vc/
	Body:
		{
			"intksk": "P83557170386"
		}

2025-12-08 08:56:20,210 - RESPONSE:
	Status: 200
	Process time: 0.407s
	Body:
		{
			"device_name": "kssktabpack01",
			"setup": "U25K_PACKINGTABLE_TEST",
			"projekt": "U2BK",
			"modbez": "HLS_RL",
			"band": "PSEU83",
			"status": true,
			"ident": "R658998C",
			"intksk": "P83557170386",
			"sequences": [
				{
					"objGroup": "U25 0725",
					"objPos": "Output4",
					"reference": "3",
					"result": false,
					"compType": "scan",
					"measType": "default",
					"intksk": null,
					"component": {
						"type": "scan",
						"index": "3",
						"ident": null,
						"name": "scan_3",
						"start_pos": "1",
						"regex": "",
						"data": "P8389867"
					}
				}
			]
		}

2025-12-08 08:56:23,687 - REQUEST:
	Endpoint: POST http://localhost:4444/vc/checkpoint/
	Body:
		{
			"intksk": "P83557170386"
		}

2025-12-08 08:56:23,688 - RESPONSE:
	Status: 200
	Process time: 3.461s
	Body: None

2025-12-08 08:54:35,326 - REQUEST:
	Endpoint: POST http://localhost:4444/vc/
	Body:
		{
			"intksk": "P83557170386"
		}

2025-12-08 08:54:35,329 - RESPONSE:
	Status: 200
	Process time: 0.272s
	Body:
		{
			"device_name": "ksmitabpack03",
			"setup": "U25K_PACKINGTABLE_TEST",
			"projekt": "U2BK",
			"modbez": "HLS_RL",
			"band": "PSEU83",
			"status": true,
			"ident": "R658998C",
			"intksk": "P83557170386",
			"sequences": [
				{
					"objGroup": "U25 0725",
					"objPos": "Output4",
					"reference": "3",
					"result": false,
					"compType": "scan",
					"measType": "default",
					"intksk": null,
					"component": {
						"type": "scan",
						"index": "3",
						"ident": null,
						"name": "scan_3",
						"start_pos": "1",
						"regex": "",
						"data": "P8389867"
					}
				}
			]
		}

2025-12-08 08:54:38,631 - REQUEST:
	Endpoint: POST http://localhost:4444/vc/checkpoint/
	Body:
		{
			"intksk": "P83557170386"
		}

2025-12-08 08:54:38,633 - RESPONSE:
	Status: 200
	Process time: 3.282s
	Body: None

2025-12-08 09:32:00,353 - REQUEST:
	Endpoint: POST http://localhost:4444/vc/
	Body:
		{
			"intksk": "P83557170386"
		}

2025-12-08 09:32:00,355 - RESPONSE:
	Status: 200
	Process time: 0.263s
	Body:
		{
			"device_name": "ksmitabpack03",
			"setup": "U25K_PACKINGTABLE_TEST",
			"projekt": "U2BK",
			"modbez": "HLS_RL",
			"band": "PSEU83",
			"status": true,
			"ident": "R658998C",
			"intksk": "P83557170386",
			"sequences": [
				{
					"objGroup": "U25 0725",
					"objPos": "Output4",
					"reference": "3",
					"result": false,
					"compType": "scan",
					"measType": "default",
					"intksk": null,
					"component": {
						"type": "scan",
						"index": "3",
						"ident": null,
						"name": "scan_3",
						"start_pos": "1",
						"regex": "",
						"data": "P8389867"
					}
				}
			]
		}

2025-12-08 09:32:03,649 - REQUEST:
	Endpoint: POST http://localhost:4444/vc/checkpoint/
	Body:
		{
			"intksk": "P83557170386"
		}

2025-12-08 09:32:03,651 - RESPONSE:
	Status: 200
	Process time: 3.278s
	Body: None

2025-12-08 10:36:23,703 - REQUEST:
	Endpoint: POST http://localhost:4444/vc/
	Body:
		{
			"intksk": "P83557170386"
		}

2025-12-08 10:36:23,704 - RESPONSE:
	Status: 200
	Process time: 0.257s
	Body:
		{
			"device_name": "ksmitabpack03",
			"setup": "U25K_PACKINGTABLE_TEST",
			"projekt": "U2BK",
			"modbez": "HLS_RL",
			"band": "PSEU83",
			"status": true,
			"ident": "R658998C",
			"intksk": "P83557170386",
			"sequences": [
				{
					"objGroup": "U25 0725",
					"objPos": "Output4",
					"reference": "3",
					"result": false,
					"compType": "scan",
					"measType": "default",
					"intksk": null,
					"component": {
						"type": "scan",
						"index": "3",
						"ident": null,
						"name": "scan_3",
						"start_pos": "1",
						"regex": "",
						"data": "P8389867"
					}
				}
			]
		}

2025-12-08 10:36:26,989 - REQUEST:
	Endpoint: POST http://localhost:4444/vc/checkpoint/
	Body:
		{
			"intksk": "P83557170386"
		}

2025-12-08 10:36:26,990 - RESPONSE:
	Status: 200
	Process time: 3.265s
	Body: None

2025-12-08 11:05:48,141 - REQUEST:
	Endpoint: POST http://localhost:4444/vc/
	Body:
		{
			"intksk": "P83557170386"
		}

2025-12-08 11:05:48,143 - RESPONSE:
	Status: 200
	Process time: 0.248s
	Body:
		{
			"device_name": "ksmitabpack03",
			"setup": "U25K_PACKINGTABLE_TEST",
			"projekt": "U2BK",
			"modbez": "HLS_RL",
			"band": "PSEU83",
			"status": true,
			"ident": "R658998C",
			"intksk": "P83557170386",
			"sequences": [
				{
					"objGroup": "U25 0725",
					"objPos": "Output4",
					"reference": "3",
					"result": false,
					"compType": "scan",
					"measType": "default",
					"intksk": null,
					"component": {
						"type": "scan",
						"index": "3",
						"ident": null,
						"name": "scan_3",
						"start_pos": "1",
						"regex": "",
						"data": "P8389867"
					}
				}
			]
		}

2025-12-08 11:05:51,430 - REQUEST:
	Endpoint: POST http://localhost:4444/vc/checkpoint/
	Body:
		{
			"intksk": "P83557170386"
		}

2025-12-08 11:05:51,432 - RESPONSE:
	Status: 200
	Process time: 3.269s
	Body: None

2025-12-08 11:11:36,351 - REQUEST:
	Endpoint: POST http://localhost:4444/vc/
	Body:
		{
			"intksk": "P83557170386"
		}

2025-12-08 11:11:36,352 - RESPONSE:
	Status: 200
	Process time: 0.251s
	Body:
		{
			"device_name": "ksmitabpack03",
			"setup": "U25K_PACKINGTABLE_TEST",
			"projekt": "U2BK",
			"modbez": "HLS_RL",
			"band": "PSEU83",
			"status": true,
			"ident": "R658998C",
			"intksk": "P83557170386",
			"sequences": [
				{
					"objGroup": "U25 0725",
					"objPos": "Output4",
					"reference": "3",
					"result": false,
					"compType": "scan",
					"measType": "default",
					"intksk": null,
					"component": {
						"type": "scan",
						"index": "3",
						"ident": null,
						"name": "scan_3",
						"start_pos": "1",
						"regex": "",
						"data": "P8389867"
					}
				}
			]
		}

2025-12-08 11:11:39,777 - REQUEST:
	Endpoint: POST http://localhost:4444/vc/checkpoint/
	Body:
		{
			"intksk": "P83557170386"
		}

2025-12-08 11:11:39,778 - RESPONSE:
	Status: 200
	Process time: 3.407s
	Body: None

2025-12-08 11:12:30,974 - REQUEST:
	Endpoint: POST http://localhost:4444/vc/
	Body:
		{
			"intksk": "P83557170386"
		}

2025-12-08 11:12:30,975 - RESPONSE:
	Status: 200
	Process time: 0.259s
	Body:
		{
			"device_name": "ksmitabpack03",
			"setup": "U25K_PACKINGTABLE_TEST",
			"projekt": "U2BK",
			"modbez": "HLS_RL",
			"band": "PSEU83",
			"status": true,
			"ident": "R658998C",
			"intksk": "P83557170386",
			"sequences": [
				{
					"objGroup": "U25 0725",
					"objPos": "Output4",
					"reference": "3",
					"result": false,
					"compType": "scan",
					"measType": "default",
					"intksk": null,
					"component": {
						"type": "scan",
						"index": "3",
						"ident": null,
						"name": "scan_3",
						"start_pos": "1",
						"regex": "",
						"data": "P8389867"
					}
				}
			]
		}

2025-12-08 11:12:34,268 - REQUEST:
	Endpoint: POST http://localhost:4444/vc/checkpoint/
	Body:
		{
			"intksk": "P83557170386"
		}

2025-12-08 11:12:34,269 - RESPONSE:
	Status: 200
	Process time: 3.277s
	Body: None

2025-12-08 11:14:45,783 - REQUEST:
	Endpoint: POST http://localhost:4444/vc/
	Body:
		{
			"intksk": "P83557170386"
		}

2025-12-08 11:14:45,784 - RESPONSE:
	Status: 200
	Process time: 0.258s
	Body:
		{
			"device_name": "ksmitabpack03",
			"setup": "U25K_PACKINGTABLE_TEST",
			"projekt": "U2BK",
			"modbez": "HLS_RL",
			"band": "PSEU83",
			"status": true,
			"ident": "R658998C",
			"intksk": "P83557170386",
			"sequences": [
				{
					"objGroup": "U25 0725",
					"objPos": "Output4",
					"reference": "3",
					"result": false,
					"compType": "scan",
					"measType": "default",
					"intksk": null,
					"component": {
						"type": "scan",
						"index": "3",
						"ident": null,
						"name": "scan_3",
						"start_pos": "1",
						"regex": "",
						"data": "P8389867"
					}
				}
			]
		}

2025-12-08 11:14:49,103 - REQUEST:
	Endpoint: POST http://localhost:4444/vc/checkpoint/
	Body:
		{
			"intksk": "P83557170386"
		}

2025-12-08 11:14:49,104 - RESPONSE:
	Status: 200
	Process time: 3.306s
	Body: None

2025-12-08 08:52:27,783 - REQUEST:
	Endpoint: POST http://localhost:4444/vc/
	Body:
		{
			"intksk": "P83557170386"
		}

2025-12-08 08:52:27,786 - RESPONSE:
	Status: 200
	Process time: 0.263s
	Body:
		{
			"device_name": "ksmitabpack03",
			"setup": "U25K_PACKINGTABLE_TEST",
			"projekt": "U2BK",
			"modbez": "HLS_RL",
			"band": "PSEU83",
			"status": true,
			"ident": "R658998C",
			"intksk": "P83557170386",
			"sequences": [
				{
					"objGroup": "U25 0725",
					"objPos": "Output4",
					"reference": "3",
					"result": false,
					"compType": "scan",
					"measType": "default",
					"intksk": null,
					"component": {
						"type": "scan",
						"index": "3",
						"ident": null,
						"name": "scan_3",
						"start_pos": "1",
						"regex": "",
						"data": "P8389867"
					}
				}
			]
		}

2025-12-08 08:52:31,075 - REQUEST:
	Endpoint: POST http://localhost:4444/vc/checkpoint/
	Body:
		{
			"intksk": "P83557170386"
		}

2025-12-08 08:52:31,077 - RESPONSE:
	Status: 200
	Process time: 3.274s
	Body: None

