2025-12-08 08:56:02,670 - REQUEST:
	Endpoint: POST http://localhost:4444/vc/
	Body:
		{
			"intksk": "P83556776144"
		}

2025-12-08 08:56:02,671 - RESPONSE:
	Status: 200
	Process time: 0.405s
	Body:
		{
			"device_name": "kssktabpack01",
			"setup": "U25K_PACKINGTABLE_TEST",
			"projekt": "U25K",
			"modbez": "HLS_RL",
			"band": "PSEU83",
			"status": true,
			"ident": "R642834D",
			"intksk": "P83556776144",
			"sequences": [
				{
					"objGroup": "U25 0725",
					"objPos": "Output2",
					"reference": "4",
					"result": false,
					"compType": "scan",
					"measType": "default",
					"intksk": null,
					"component": {
						"type": "scan",
						"index": "4",
						"ident": null,
						"name": "scan_4",
						"start_pos": "1",
						"regex": "",
						"data": "P8386017"
					}
				}
			]
		}

2025-12-08 08:56:06,126 - REQUEST:
	Endpoint: POST http://localhost:4444/vc/checkpoint/
	Body:
		{
			"intksk": "P83556776144"
		}

2025-12-08 08:56:06,126 - RESPONSE:
	Status: 200
	Process time: 3.438s
	Body: None

2025-12-08 08:54:24,004 - REQUEST:
	Endpoint: POST http://localhost:4444/vc/
	Body:
		{
			"intksk": "P83556776144"
		}

2025-12-08 08:54:24,008 - RESPONSE:
	Status: 200
	Process time: 0.469s
	Body:
		{
			"device_name": "ksmitabpack03",
			"setup": "U25K_PACKINGTABLE_TEST",
			"projekt": "U25K",
			"modbez": "HLS_RL",
			"band": "PSEU83",
			"status": true,
			"ident": "R642834D",
			"intksk": "P83556776144",
			"sequences": [
				{
					"objGroup": "U25 0725",
					"objPos": "Output2",
					"reference": "4",
					"result": false,
					"compType": "scan",
					"measType": "default",
					"intksk": null,
					"component": {
						"type": "scan",
						"index": "4",
						"ident": null,
						"name": "scan_4",
						"start_pos": "1",
						"regex": "",
						"data": "P8386017"
					}
				}
			]
		}

2025-12-08 08:54:27,327 - REQUEST:
	Endpoint: POST http://localhost:4444/vc/checkpoint/
	Body:
		{
			"intksk": "P83556776144"
		}

2025-12-08 08:54:27,328 - RESPONSE:
	Status: 200
	Process time: 3.304s
	Body: None

2025-12-08 08:54:44,167 - REQUEST:
	Endpoint: POST http://localhost:4444/vc/
	Body:
		{
			"intksk": "P83556776144"
		}

2025-12-08 08:54:44,169 - RESPONSE:
	Status: 200
	Process time: 0.288s
	Body:
		{
			"device_name": "ksmitabpack03",
			"setup": "U25K_PACKINGTABLE_TEST",
			"projekt": "U25K",
			"modbez": "HLS_RL",
			"band": "PSEU83",
			"status": true,
			"ident": "R642834D",
			"intksk": "P83556776144",
			"sequences": [
				{
					"objGroup": "U25 0725",
					"objPos": "Output2",
					"reference": "4",
					"result": false,
					"compType": "scan",
					"measType": "default",
					"intksk": null,
					"component": {
						"type": "scan",
						"index": "4",
						"ident": null,
						"name": "scan_4",
						"start_pos": "1",
						"regex": "",
						"data": "P8386017"
					}
				}
			]
		}

2025-12-08 08:54:47,487 - REQUEST:
	Endpoint: POST http://localhost:4444/vc/checkpoint/
	Body:
		{
			"intksk": "P83556776144"
		}

2025-12-08 08:54:47,489 - RESPONSE:
	Status: 200
	Process time: 3.3s
	Body: None

2025-12-08 09:31:41,135 - REQUEST:
	Endpoint: POST http://localhost:4444/vc/
	Body:
		{
			"intksk": "P83556776144"
		}

2025-12-08 09:31:41,137 - RESPONSE:
	Status: 200
	Process time: 0.265s
	Body:
		{
			"device_name": "ksmitabpack03",
			"setup": "U25K_PACKINGTABLE_TEST",
			"projekt": "U25K",
			"modbez": "HLS_RL",
			"band": "PSEU83",
			"status": true,
			"ident": "R642834D",
			"intksk": "P83556776144",
			"sequences": [
				{
					"objGroup": "U25 0725",
					"objPos": "Output2",
					"reference": "4",
					"result": false,
					"compType": "scan",
					"measType": "default",
					"intksk": null,
					"component": {
						"type": "scan",
						"index": "4",
						"ident": null,
						"name": "scan_4",
						"start_pos": "1",
						"regex": "",
						"data": "P8386017"
					}
				}
			]
		}

2025-12-08 09:31:44,442 - REQUEST:
	Endpoint: POST http://localhost:4444/vc/checkpoint/
	Body:
		{
			"intksk": "P83556776144"
		}

2025-12-08 09:31:44,444 - RESPONSE:
	Status: 200
	Process time: 3.297s
	Body: None

2025-12-08 10:16:23,624 - REQUEST:
	Endpoint: POST http://localhost:4444/vc/
	Body:
		{
			"intksk": "P83556776144"
		}

2025-12-08 10:16:23,626 - RESPONSE:
	Status: 200
	Process time: 0.278s
	Body:
		{
			"device_name": "ksmitabpack03",
			"setup": "U25K_PACKINGTABLE_TEST",
			"projekt": "U25K",
			"modbez": "HLS_RL",
			"band": "PSEU83",
			"status": true,
			"ident": "R642834D",
			"intksk": "P83556776144",
			"sequences": [
				{
					"objGroup": "U25 0725",
					"objPos": "Output2",
					"reference": "4",
					"result": false,
					"compType": "scan",
					"measType": "default",
					"intksk": null,
					"component": {
						"type": "scan",
						"index": "4",
						"ident": null,
						"name": "scan_4",
						"start_pos": "1",
						"regex": "",
						"data": "P8386017"
					}
				}
			]
		}

2025-12-08 10:16:26,951 - REQUEST:
	Endpoint: POST http://localhost:4444/vc/checkpoint/
	Body:
		{
			"intksk": "P83556776144"
		}

2025-12-08 10:16:26,952 - RESPONSE:
	Status: 200
	Process time: 3.305s
	Body: None

2025-12-08 11:11:24,166 - REQUEST:
	Endpoint: POST http://localhost:4444/vc/
	Body:
		{
			"intksk": "P83556776144"
		}

2025-12-08 11:11:24,168 - RESPONSE:
	Status: 200
	Process time: 0.281s
	Body:
		{
			"device_name": "ksmitabpack03",
			"setup": "U25K_PACKINGTABLE_TEST",
			"projekt": "U25K",
			"modbez": "HLS_RL",
			"band": "PSEU83",
			"status": true,
			"ident": "R642834D",
			"intksk": "P83556776144",
			"sequences": [
				{
					"objGroup": "U25 0725",
					"objPos": "Output2",
					"reference": "4",
					"result": false,
					"compType": "scan",
					"measType": "default",
					"intksk": null,
					"component": {
						"type": "scan",
						"index": "4",
						"ident": null,
						"name": "scan_4",
						"start_pos": "1",
						"regex": "",
						"data": "P8386017"
					}
				}
			]
		}

2025-12-08 11:11:27,480 - REQUEST:
	Endpoint: POST http://localhost:4444/vc/checkpoint/
	Body:
		{
			"intksk": "P83556776144"
		}

2025-12-08 11:11:27,482 - RESPONSE:
	Status: 200
	Process time: 3.297s
	Body: None

2025-12-08 08:52:18,112 - REQUEST:
	Endpoint: POST http://localhost:4444/vc/
	Body:
		{
			"intksk": "P83556776144"
		}

2025-12-08 08:52:18,116 - RESPONSE:
	Status: 200
	Process time: 0.275s
	Body:
		{
			"device_name": "ksmitabpack03",
			"setup": "U25K_PACKINGTABLE_TEST",
			"projekt": "U25K",
			"modbez": "HLS_RL",
			"band": "PSEU83",
			"status": true,
			"ident": "R642834D",
			"intksk": "P83556776144",
			"sequences": [
				{
					"objGroup": "U25 0725",
					"objPos": "Output2",
					"reference": "4",
					"result": false,
					"compType": "scan",
					"measType": "default",
					"intksk": null,
					"component": {
						"type": "scan",
						"index": "4",
						"ident": null,
						"name": "scan_4",
						"start_pos": "1",
						"regex": "",
						"data": "P8386017"
					}
				}
			]
		}

2025-12-08 08:52:21,540 - REQUEST:
	Endpoint: POST http://localhost:4444/vc/checkpoint/
	Body:
		{
			"intksk": "P83556776144"
		}

2025-12-08 08:52:21,541 - RESPONSE:
	Status: 200
	Process time: 3.403s
	Body: None

