2025-12-08 08:54:56,358 - REQUEST:
	Endpoint: POST http://localhost:4444/vc/
	Body:
		{
			"intksk": "P83573602289"
		}

2025-12-08 08:54:56,359 - RESPONSE:
	Status: 200
	Process time: 0.277s
	Body:
		{
			"device_name": "ksmitabpack03",
			"setup": "U25K_PACKINGTABLE_TEST",
			"projekt": "U25K",
			"modbez": "HLS_LL",
			"band": "PSEU83",
			"status": true,
			"ident": "R642033E",
			"intksk": "P83573602289",
			"sequences": [
				{
					"objGroup": "U25 0726",
					"objPos": "Output1",
					"reference": "6",
					"result": false,
					"compType": "scan",
					"measType": "default",
					"intksk": null,
					"component": {
						"type": "scan",
						"index": "6",
						"ident": null,
						"name": "scan_6",
						"start_pos": "1",
						"regex": "",
						"data": "P8386107"
					}
				}
			]
		}

2025-12-08 08:54:59,655 - REQUEST:
	Endpoint: POST http://localhost:4444/vc/checkpoint/
	Body:
		{
			"intksk": "P83573602289"
		}

2025-12-08 08:54:59,656 - RESPONSE:
	Status: 200
	Process time: 3.282s
	Body: None

2025-12-08 09:58:04,588 - REQUEST:
	Endpoint: POST http://localhost:4444/vc/
	Body:
		{
			"intksk": "P83573602289"
		}

2025-12-08 09:58:04,589 - RESPONSE:
	Status: 200
	Process time: 0.275s
	Body:
		{
			"device_name": "ksmitabpack03",
			"setup": "U25K_PACKINGTABLE_TEST",
			"projekt": "U25K",
			"modbez": "HLS_LL",
			"band": "PSEU83",
			"status": true,
			"ident": "R642033E",
			"intksk": "P83573602289",
			"sequences": [
				{
					"objGroup": "U25 0726",
					"objPos": "Output1",
					"reference": "6",
					"result": false,
					"compType": "scan",
					"measType": "default",
					"intksk": null,
					"component": {
						"type": "scan",
						"index": "6",
						"ident": null,
						"name": "scan_6",
						"start_pos": "1",
						"regex": "",
						"data": "P8386107"
					}
				}
			]
		}

2025-12-08 09:58:07,883 - REQUEST:
	Endpoint: POST http://localhost:4444/vc/checkpoint/
	Body:
		{
			"intksk": "P83573602289"
		}

2025-12-08 09:58:07,884 - RESPONSE:
	Status: 200
	Process time: 3.28s
	Body: None

2025-12-08 10:41:11,306 - REQUEST:
	Endpoint: POST http://localhost:4444/vc/raw/
	Body:
		{
			"intksk": "P83573602289"
		}

2025-12-08 10:41:11,307 - RESPONSE:
	Status: 200
	Process time: 0.263s
	Body:
		<krosy xmlns:xsi="http://www.w3.org/2001/XMLSchema-instance" xmlns="http://www.kroschu.com/kroscada/namespaces/krosy/visualcontrol/V_1_2">
		    <header>
		        <requestID>41</requestID>
		        <responseID>1</responseID>
		        <sourceHost>
		            <hostname>ksmisun01</hostname>
		            <ipAddress>0.0.0.0</ipAddress>
		        </sourceHost>
		        <targetHost>
		            <hostname>ksmitabpack03</hostname>
		        </targetHost>
		        <embeddedBinaries allowed="true" encoding="Base64"/>
		    </header>
		    <body>
		        <visualControl>
		            <workingData device="ksmitabpack03" intksk="P83573602289" kfb="" scanned="2025-12-08T10:41:11" setup="U25K_PACKINGTABLE_TEST" projekt="U25K" ksknr="MU25IL0726V0" kskidx="0" lfdnr="0" modbez="HLS_LL" modjahr="" band="PSEU83" ident="R642033E" status="true">
		                <sequencer>
		                    <segmentList count="1">
		                        <segment index="1" name="1">
		                            <sequenceList count="8">
		                                <sequence index="1" compType="scan" reference="1" measType="no_check">
		                                    <objGroup>U25 0725</objGroup>
		                                    <objPos>Output3</objPos>
		                                </sequence>
		                                <sequence index="2" compType="scan" reference="2" measType="no_check">
		                                    <objGroup>U25 0725</objGroup>
		                                    <objPos>Output1</objPos>
		                                </sequence>
		                                <sequence index="3" compType="scan" reference="3" measType="no_check">
		                                    <objGroup>U25 0725</objGroup>
		                                    <objPos>Output4</objPos>
		                                </sequence>
		                                <sequence index="4" compType="scan" reference="4" measType="no_check">
		                                    <objGroup>U25 0725</objGroup>
		                                    <objPos>Output2</objPos>
		                                </sequence>
		                                <sequence index="5" compType="scan" reference="5" measType="no_check">
		                                    <objGroup>U25 0726</objGroup>
		                                    <objPos>Output2</objPos>
		                                </sequence>
		                                <sequence index="6" compType="scan" reference="6" measType="default">
		                                    <objGroup>U25 0726</objGroup>
		                                    <objPos>Output1</objPos>
		                                </sequence>
		                                <sequence index="7" compType="scan" reference="7" measType="no_check">
		                                    <objGroup>U25 0726</objGroup>
		                                    <objPos>Output3</objPos>
		                                </sequence>
		                                <sequence index="8" compType="scan" reference="8" measType="no_check">
		                                    <objGroup>U25 0726</objGroup>
		                                    <objPos>Output4</objPos>
		                                </sequence>
		                            </sequenceList>
		                        </segment>
		                    </segmentList>
		                </sequencer>
		                <component>
		                    <scanList count="8">
		                        <scan index="1" name="scan_1">
		                            <text startPos="1" regEx="">no_check</text>
		                        </scan>
		                        <scan index="2" name="scan_2">
		                            <text startPos="1" regEx="">no_check</text>
		                        </scan>
		                        <scan index="3" name="scan_3">
		                            <text startPos="1" regEx="">no_check</text>
		                        </scan>
		                        <scan index="4" name="scan_4">
		                            <text startPos="1" regEx="">no_check</text>
		                        </scan>
		                        <scan index="5" name="scan_5">
		                            <text startPos="1" regEx="">no_check</text>
		                        </scan>
		                        <scan index="6" name="scan_6">
		                            <text startPos="1" regEx="">P8386107</text>
		                        </scan>
		                        <scan index="7" name="scan_7">
		                            <text startPos="1" regEx="">no_check</text>
		                        </scan>
		                        <scan index="8" name="scan_8">
		                            <text startPos="1" regEx="">no_check</text>
		                        </scan>
		                    </scanList>
		                </component>
		            </workingData>
		        </visualControl>
		    </body>
		</krosy>

