2025-12-08 08:56:08,428 - REQUEST:
	Endpoint: POST http://localhost:4444/vc/
	Body:
		{
			"intksk": "P83556776145"
		}

2025-12-08 08:56:08,429 - RESPONSE:
	Status: 200
	Process time: 0.373s
	Body:
		{
			"device_name": "kssktabpack01",
			"setup": "U25K_PACKINGTABLE_TEST",
			"projekt": "U2BK",
			"modbez": "HLS_LL",
			"band": "PSEU83",
			"status": true,
			"ident": "R658964C",
			"intksk": "P83556776145",
			"sequences": [
				{
					"objGroup": "U25 0725",
					"objPos": "Output3",
					"reference": "1",
					"result": false,
					"compType": "scan",
					"measType": "default",
					"intksk": null,
					"component": {
						"type": "scan",
						"index": "1",
						"ident": null,
						"name": "scan_1",
						"start_pos": "1",
						"regex": "",
						"data": "P8389866"
					}
				}
			]
		}

2025-12-08 08:56:11,858 - REQUEST:
	Endpoint: POST http://localhost:4444/vc/checkpoint/
	Body:
		{
			"intksk": "P83556776145"
		}

2025-12-08 08:56:11,859 - RESPONSE:
	Status: 200
	Process time: 3.41s
	Body: None

2025-12-08 10:17:00,794 - REQUEST:
	Endpoint: POST http://localhost:4444/vc/
	Body:
		{
			"intksk": "P83556776145"
		}

2025-12-08 10:17:00,798 - RESPONSE:
	Status: 200
	Process time: 0.279s
	Body:
		{
			"device_name": "ksmitabpack03",
			"setup": "U25K_PACKINGTABLE_TEST",
			"projekt": "U2BK",
			"modbez": "HLS_LL",
			"band": "PSEU83",
			"status": true,
			"ident": "R658964C",
			"intksk": "P83556776145",
			"sequences": [
				{
					"objGroup": "U25 0725",
					"objPos": "Output3",
					"reference": "1",
					"result": false,
					"compType": "scan",
					"measType": "default",
					"intksk": null,
					"component": {
						"type": "scan",
						"index": "1",
						"ident": null,
						"name": "scan_1",
						"start_pos": "1",
						"regex": "",
						"data": "P8389866"
					}
				}
			]
		}

2025-12-08 10:17:04,090 - REQUEST:
	Endpoint: POST http://localhost:4444/vc/checkpoint/
	Body:
		{
			"intksk": "P83556776145"
		}

2025-12-08 10:17:04,091 - RESPONSE:
	Status: 200
	Process time: 3.274s
	Body: None

2025-12-08 11:11:31,067 - REQUEST:
	Endpoint: POST http://localhost:4444/vc/
	Body:
		{
			"intksk": "P83556776145"
		}

2025-12-08 11:11:31,068 - RESPONSE:
	Status: 200
	Process time: 0.246s
	Body:
		{
			"device_name": "ksmitabpack03",
			"setup": "U25K_PACKINGTABLE_TEST",
			"projekt": "U2BK",
			"modbez": "HLS_LL",
			"band": "PSEU83",
			"status": true,
			"ident": "R658964C",
			"intksk": "P83556776145",
			"sequences": [
				{
					"objGroup": "U25 0725",
					"objPos": "Output3",
					"reference": "1",
					"result": false,
					"compType": "scan",
					"measType": "default",
					"intksk": null,
					"component": {
						"type": "scan",
						"index": "1",
						"ident": null,
						"name": "scan_1",
						"start_pos": "1",
						"regex": "",
						"data": "P8389866"
					}
				}
			]
		}

2025-12-08 11:11:34,343 - REQUEST:
	Endpoint: POST http://localhost:4444/vc/checkpoint/
	Body:
		{
			"intksk": "P83556776145"
		}

2025-12-08 11:11:34,345 - RESPONSE:
	Status: 200
	Process time: 3.267s
	Body: None

2025-12-08 08:52:04,766 - REQUEST:
	Endpoint: POST http://localhost:4444/vc/
	Body:
		{
			"intksk": "P83556776145"
		}

2025-12-08 08:52:04,768 - RESPONSE:
	Status: 200
	Process time: 0.274s
	Body:
		{
			"device_name": "ksmitabpack03",
			"setup": "U25K_PACKINGTABLE_TEST",
			"projekt": "U2BK",
			"modbez": "HLS_LL",
			"band": "PSEU83",
			"status": true,
			"ident": "R658964C",
			"intksk": "P83556776145",
			"sequences": [
				{
					"objGroup": "U25 0725",
					"objPos": "Output3",
					"reference": "1",
					"result": false,
					"compType": "scan",
					"measType": "default",
					"intksk": null,
					"component": {
						"type": "scan",
						"index": "1",
						"ident": null,
						"name": "scan_1",
						"start_pos": "1",
						"regex": "",
						"data": "P8389866"
					}
				}
			]
		}

2025-12-08 08:52:08,065 - REQUEST:
	Endpoint: POST http://localhost:4444/vc/checkpoint/
	Body:
		{
			"intksk": "P83556776145"
		}

2025-12-08 08:52:08,067 - RESPONSE:
	Status: 200
	Process time: 3.274s
	Body: None

